TN:
SF:script/DeployDSC.s.sol
DA:14,62
FN:14,DeployDSC.run
FNDA:62,DeployDSC.run
DA:18,62
DA:19,62
DA:25,62
DA:26,62
DA:27,62
DA:29,62
DA:30,62
DA:31,62
DA:36,62
DA:38,62
DA:40,62
FNF:1
FNH:1
LF:12
LH:12
BRF:0
BRH:0
end_of_record
TN:
SF:script/HelperConfig.s.sol
DA:26,62
FN:26,HelperConfig.constructor
FNDA:62,HelperConfig.constructor
DA:27,62
BRDA:27,0,0,-
BRDA:27,0,1,62
DA:28,0
DA:30,62
DA:34,0
FN:34,HelperConfig.getSepoliaConfig
FNDA:0,HelperConfig.getSepoliaConfig
DA:39,0
DA:48,62
FN:48,HelperConfig.getOrCreateAnvilConfig
FNDA:62,HelperConfig.getOrCreateAnvilConfig
DA:52,62
BRDA:52,1,0,-
DA:53,0
DA:55,62
DA:56,62
DA:60,62
DA:62,62
DA:66,62
DA:67,62
DA:68,62
FNF:3
FNH:2
LF:16
LH:12
BRF:3
BRH:1
end_of_record
TN:
SF:src/DSCEngine.sol
DA:221,4078
FN:221,DSCEngine.moreThanZero
FNDA:4078,DSCEngine.moreThanZero
DA:222,4078
BRDA:222,0,0,45
DA:229,4078
FN:229,DSCEngine.isAllowedToken
FNDA:4078,DSCEngine.isAllowedToken
DA:230,4078
DA:231,0
BRDA:231,1,0,-
DA:247,66
FN:247,DSCEngine.constructor
FNDA:66,DSCEngine.constructor
DA:253,66
DA:254,1
BRDA:254,2,0,1
DA:257,65
DA:258,127
DA:259,127
DA:263,65
DA:279,32
FN:279,DSCEngine.depositCollateralAndMintDsc
FNDA:32,DSCEngine.depositCollateralAndMintDsc
DA:285,32
DA:288,32
DA:299,4
FN:299,DSCEngine.redeemCollateralForDsc
FNDA:4,DSCEngine.redeemCollateralForDsc
DA:305,3
DA:308,3
DA:311,3
DA:320,4120
FN:320,DSCEngine.redeemCollateral
FNDA:4120,DSCEngine.redeemCollateral
DA:329,4068
DA:335,1
DA:344,4
FN:344,DSCEngine.burnDsc
FNDA:4,DSCEngine.burnDsc
DA:346,3
DA:349,2
DA:369,4078
FN:369,DSCEngine.liquidate
FNDA:4078,DSCEngine.liquidate
DA:380,4033
DA:381,4033
DA:382,4026
BRDA:382,3,0,4026
DA:385,7
DA:391,7
DA:395,7
DA:399,7
DA:407,7
DA:410,7
DA:411,7
DA:412,0
BRDA:412,4,0,-
DA:415,7
DA:437,8332
FN:437,DSCEngine.depositCollateral
FNDA:8332,DSCEngine.depositCollateral
DA:442,8301
DA:445,8301
DA:448,8301
DA:453,4175
BRDA:453,5,0,1
DA:469,3
FN:469,DSCEngine.mintDsc
FNDA:3,DSCEngine.mintDsc
DA:473,34
DA:476,34
DA:479,33
DA:480,33
BRDA:480,6,0,1
DA:496,4078
FN:496,DSCEngine._redeemCollateral
FNDA:4078,DSCEngine._redeemCollateral
DA:503,4078
DA:506,12
DA:509,12
DA:510,12
BRDA:510,7,0,1
DA:521,13
FN:521,DSCEngine._burnDsc
FNDA:13,DSCEngine._burnDsc
DA:527,13
DA:530,12
DA:531,12
BRDA:531,8,0,-
DA:534,12
DA:547,47
FN:547,DSCEngine._revertIfHealthFactorIsBroken
FNDA:47,DSCEngine._revertIfHealthFactorIsBroken
DA:548,47
DA:549,47
DA:550,2
BRDA:550,9,0,2
DA:560,8302
FN:560,DSCEngine._healthFactor
FNDA:8302,DSCEngine._healthFactor
DA:561,8302
DA:564,8302
DA:574,8307
FN:574,DSCEngine._getUserInfo
FNDA:8307,DSCEngine._getUserInfo
DA:581,8307
DA:582,8307
DA:593,0
FN:593,DSCEngine._getUsdValue
FNDA:0,DSCEngine._getUsdValue
DA:598,16625
DA:603,16625
DA:607,16625
DA:619,8304
FN:619,DSCEngine._calculateHealthFactor
FNDA:8304,DSCEngine._calculateHealthFactor
DA:624,8304
DA:628,68
DA:632,68
DA:646,2
FN:646,DSCEngine.calculateHealthFactor
FNDA:2,DSCEngine.calculateHealthFactor
DA:650,2
DA:660,5
FN:660,DSCEngine.getAccountInfo
FNDA:5,DSCEngine.getAccountInfo
DA:667,5
DA:677,2
FN:677,DSCEngine.getAccountCollateralValue
FNDA:2,DSCEngine.getAccountCollateralValue
DA:681,8309
DA:682,16617
DA:683,16617
DA:686,16617
DA:688,0
DA:698,8
FN:698,DSCEngine.getUsdValue
FNDA:8,DSCEngine.getUsdValue
DA:702,8
DA:712,4149
FN:712,DSCEngine.getCollateralBalanceOfUser
FNDA:4149,DSCEngine.getCollateralBalanceOfUser
DA:716,4149
DA:732,5
FN:732,DSCEngine.getTokenAmountFromUsd
FNDA:5,DSCEngine.getTokenAmountFromUsd
DA:737,12
DA:742,12
DA:745,12
DA:758,2
FN:758,DSCEngine.getPrecision
FNDA:2,DSCEngine.getPrecision
DA:759,2
DA:767,2
FN:767,DSCEngine.getAdditionalFeedPrecision
FNDA:2,DSCEngine.getAdditionalFeedPrecision
DA:768,2
DA:776,1
FN:776,DSCEngine.getLiquidationThreshold
FNDA:1,DSCEngine.getLiquidationThreshold
DA:777,1
DA:785,3
FN:785,DSCEngine.getLiquidationBonus
FNDA:3,DSCEngine.getLiquidationBonus
DA:786,3
DA:794,3
FN:794,DSCEngine.getLiquidationPrecision
FNDA:3,DSCEngine.getLiquidationPrecision
DA:795,3
DA:803,4206
FN:803,DSCEngine.getMinHealthFactor
FNDA:4206,DSCEngine.getMinHealthFactor
DA:804,4206
DA:816,6
FN:816,DSCEngine.getCollateralTokens
FNDA:6,DSCEngine.getCollateralTokens
DA:817,6
DA:825,2
FN:825,DSCEngine.getDsc
FNDA:2,DSCEngine.getDsc
DA:826,2
DA:835,8259
FN:835,DSCEngine.getCollateralTokenPriceFeed
FNDA:8259,DSCEngine.getCollateralTokenPriceFeed
DA:838,8259
DA:854,4215
FN:854,DSCEngine.getHealthFactor
FNDA:4215,DSCEngine.getHealthFactor
DA:855,4215
DA:864,9
FN:864,DSCEngine.getDscMinted
FNDA:9,DSCEngine.getDscMinted
DA:865,9
DA:879,0
FN:879,DSCEngine.getMaxDscToMint
FNDA:0,DSCEngine.getMaxDscToMint
DA:880,0
DA:885,0
DA:889,0
BRDA:889,11,0,-
DA:890,0
DA:894,0
DA:905,0
FN:905,DSCEngine.getMaxCollateralToRedeem
FNDA:0,DSCEngine.getMaxCollateralToRedeem
DA:909,0
DA:912,0
DA:915,0
BRDA:915,12,0,-
DA:916,0
DA:920,0
DA:924,0
DA:927,0
BRDA:927,13,0,-
DA:928,0
DA:932,0
DA:936,0
DA:942,0
DA:943,0
DA:958,0
FN:958,DSCEngine.isSystemHealthy
FNDA:0,DSCEngine.isSystemHealthy
DA:960,0
DA:963,0
DA:969,0
FNF:37
FNH:33
LF:139
LH:112
BRF:13
BRH:7
end_of_record
TN:
SF:src/DecentralizedStableCoin.sol
DA:43,4035
FN:43,DecentralizedStableCoin.burn
FNDA:4035,DecentralizedStableCoin.burn
DA:44,14
DA:45,14
DA:46,1
BRDA:46,0,0,1
DA:48,13
DA:49,1
BRDA:49,1,0,1
DA:50,12
DA:62,4087
FN:62,DecentralizedStableCoin.mint
FNDA:4087,DecentralizedStableCoin.mint
DA:66,36
DA:67,1
BRDA:67,2,0,1
DA:68,35
DA:69,1
BRDA:69,3,0,1
DA:70,34
DA:71,34
FNF:2
FNH:2
LF:14
LH:14
BRF:4
BRH:4
end_of_record
TN:
SF:src/libraries/OracleLib.sol
DA:20,16639
FN:20,OracleLib.staleCheckLatestRoundData
FNDA:16639,OracleLib.staleCheckLatestRoundData
DA:23,16639
DA:29,16639
DA:31,16639
BRDA:31,0,0,1
DA:32,1
DA:34,16638
DA:35,16638
BRDA:35,1,0,1
DA:37,16637
DA:40,1
FN:40,OracleLib.getTimeout
FNDA:1,OracleLib.getTimeout
DA:43,1
FNF:2
FNH:2
LF:10
LH:10
BRF:2
BRH:2
end_of_record
TN:
SF:test/fuzz/continueOnRevert/ContinueOnRevertHandler.t.sol
DA:34,2
FN:34,ContinueOnRevertHandler.constructor
FNDA:2,ContinueOnRevertHandler.constructor
DA:35,2
DA:36,2
DA:38,2
DA:39,2
DA:40,2
DA:42,2
DA:45,2
DA:56,4187
FN:56,ContinueOnRevertHandler.mintAndDepositCollateral
FNDA:4187,ContinueOnRevertHandler.mintAndDepositCollateral
DA:60,4187
DA:61,4187
DA:62,4187
DA:63,4187
DA:66,4117
FN:66,ContinueOnRevertHandler.redeemCollateral
FNDA:4117,ContinueOnRevertHandler.redeemCollateral
DA:70,4117
DA:71,4117
DA:72,4117
DA:75,4021
FN:75,ContinueOnRevertHandler.burnDsc
FNDA:4021,ContinueOnRevertHandler.burnDsc
DA:76,4021
DA:77,4021
DA:80,4051
FN:80,ContinueOnRevertHandler.mintDsc
FNDA:4051,ContinueOnRevertHandler.mintDsc
DA:81,4051
DA:82,4051
DA:85,4070
FN:85,ContinueOnRevertHandler.liquidate
FNDA:4070,ContinueOnRevertHandler.liquidate
DA:90,4070
DA:91,4070
DA:102,4137
FN:102,ContinueOnRevertHandler.transferDsc
FNDA:4137,ContinueOnRevertHandler.transferDsc
DA:103,4137
DA:104,4137
DA:105,4137
DA:112,4168
FN:112,ContinueOnRevertHandler.updateCollateralPrice
FNDA:4168,ContinueOnRevertHandler.updateCollateralPrice
DA:117,4168
DA:118,4168
DA:119,4168
DA:123,4168
DA:127,16542
FN:127,ContinueOnRevertHandler._getCollateralFromSeed
FNDA:16542,ContinueOnRevertHandler._getCollateralFromSeed
DA:130,16542
BRDA:130,0,0,8299
BRDA:130,0,1,8243
DA:131,8299
DA:133,8243
DA:137,0
FN:137,ContinueOnRevertHandler.callSummary
FNDA:0,ContinueOnRevertHandler.callSummary
DA:138,0
DA:139,0
DA:140,0
FNF:10
FNH:9
LF:43
LH:39
BRF:2
BRH:2
end_of_record
TN:
SF:test/fuzz/failOnRevert/StopOnRevertHandler.t.sol
DA:30,2
FN:30,StopOnRevertHandler.constructor
FNDA:2,StopOnRevertHandler.constructor
DA:31,2
DA:32,2
DA:33,2
DA:34,2
DA:35,2
DA:37,2
DA:40,2
DA:45,4219
FN:45,StopOnRevertHandler.mintDsc
FNDA:4219,StopOnRevertHandler.mintDsc
DA:46,4219
DA:47,0
DA:50,0
DA:52,0
DA:55,0
DA:57,0
DA:59,0
DA:61,0
DA:62,0
DA:63,0
DA:66,4127
FN:66,StopOnRevertHandler.mintAndDepositCollateral
FNDA:4127,StopOnRevertHandler.mintAndDepositCollateral
DA:70,4127
DA:71,4127
DA:73,4127
DA:74,4127
DA:75,4127
DA:76,4127
DA:77,4127
DA:80,4141
FN:80,StopOnRevertHandler.redeemCollateral
FNDA:4141,StopOnRevertHandler.redeemCollateral
DA:81,4141
DA:82,4141
DA:86,4141
DA:87,4141
DA:88,0
DA:91,3992
FN:91,StopOnRevertHandler.transferDsc
FNDA:3992,StopOnRevertHandler.transferDsc
DA:92,3992
DA:93,3987
DA:94,3987
DA:95,0
DA:96,0
DA:97,0
DA:100,4080
FN:100,StopOnRevertHandler.updateCollateralPrice
FNDA:4080,StopOnRevertHandler.updateCollateralPrice
DA:104,4080
DA:105,4080
DA:106,4080
DA:110,4080
DA:113,4116
FN:113,StopOnRevertHandler.burnDsc
FNDA:4116,StopOnRevertHandler.burnDsc
DA:114,4116
DA:115,4116
DA:117,0
DA:118,0
DA:119,0
DA:120,0
DA:123,4205
FN:123,StopOnRevertHandler.liquidate
FNDA:4205,StopOnRevertHandler.liquidate
DA:128,4205
DA:129,4205
DA:131,0
DA:132,0
DA:133,0
DA:140,12348
FN:140,StopOnRevertHandler._getCollateralFromSeed
FNDA:12348,StopOnRevertHandler._getCollateralFromSeed
DA:143,12348
BRDA:143,8,0,6232
DA:144,6232
DA:146,6116
FNF:9
FNH:9
LF:62
LH:42
BRF:1
BRH:1
end_of_record
TN:
SF:test/mocks/ERC20Mock.sol
DA:7,1
FN:7,ERC20Mock.constructor
FNDA:1,ERC20Mock.constructor
DA:13,1
DA:16,0
FN:16,ERC20Mock.mint
FNDA:0,ERC20Mock.mint
DA:17,0
DA:20,0
FN:20,ERC20Mock.burn
FNDA:0,ERC20Mock.burn
DA:21,0
DA:24,0
FN:24,ERC20Mock.transferInternal
FNDA:0,ERC20Mock.transferInternal
DA:25,0
DA:28,0
FN:28,ERC20Mock.approveInternal
FNDA:0,ERC20Mock.approveInternal
DA:33,0
FNF:5
FNH:1
LF:10
LH:2
BRF:0
BRH:0
end_of_record
TN:
SF:test/mocks/MockFailedMintDSC.sol
DA:22,0
FN:22,MockFailedMintDSC.burn
FNDA:0,MockFailedMintDSC.burn
DA:23,0
DA:24,0
BRDA:24,0,0,-
DA:25,0
DA:27,0
BRDA:27,1,0,-
DA:28,0
DA:30,0
DA:33,1
FN:33,MockFailedMintDSC.mint
FNDA:1,MockFailedMintDSC.mint
DA:37,1
BRDA:37,2,0,-
DA:38,0
DA:40,1
BRDA:40,3,0,-
DA:41,0
DA:43,1
DA:44,1
FNF:2
FNH:1
LF:14
LH:5
BRF:4
BRH:0
end_of_record
TN:
SF:test/mocks/MockFailedTransfer.sol
DA:22,0
FN:22,MockFailedTransfer.burn
FNDA:0,MockFailedTransfer.burn
DA:23,0
DA:24,0
BRDA:24,0,0,-
DA:25,0
DA:27,0
BRDA:27,1,0,-
DA:28,0
DA:30,0
DA:33,1
FN:33,MockFailedTransfer.mint
FNDA:1,MockFailedTransfer.mint
DA:34,1
DA:37,1
FN:37,MockFailedTransfer.transfer
FNDA:1,MockFailedTransfer.transfer
DA:41,1
FNF:3
FNH:2
LF:11
LH:4
BRF:2
BRH:0
end_of_record
TN:
SF:test/mocks/MockFailedTransferFrom.sol
DA:22,0
FN:22,MockFailedTransferFrom.burn
FNDA:0,MockFailedTransferFrom.burn
DA:23,0
DA:24,0
BRDA:24,0,0,-
DA:25,0
DA:27,0
BRDA:27,1,0,-
DA:28,0
DA:30,0
DA:33,1
FN:33,MockFailedTransferFrom.mint
FNDA:1,MockFailedTransferFrom.mint
DA:34,1
DA:37,1
FN:37,MockFailedTransferFrom.transferFrom
FNDA:1,MockFailedTransferFrom.transferFrom
DA:42,1
FNF:3
FNH:2
LF:11
LH:4
BRF:2
BRH:0
end_of_record
TN:
SF:test/mocks/MockMoreDebtDSC.sol
DA:58,0
FN:58,MockMoreDebtDSC.constructor
FNDA:0,MockMoreDebtDSC.constructor
DA:61,0
DA:64,0
FN:64,MockMoreDebtDSC.burn
FNDA:0,MockMoreDebtDSC.burn
DA:66,0
DA:67,0
DA:68,0
BRDA:68,0,0,-
DA:69,0
DA:71,0
BRDA:71,1,0,-
DA:72,0
DA:74,0
DA:77,0
FN:77,MockMoreDebtDSC.mint
FNDA:0,MockMoreDebtDSC.mint
DA:81,0
BRDA:81,2,0,-
DA:82,0
DA:84,0
BRDA:84,3,0,-
DA:85,0
DA:87,0
DA:88,0
FNF:3
FNH:0
LF:17
LH:0
BRF:4
BRH:0
end_of_record
TN:
SF:test/mocks/MockV3Aggregator.sol
DA:24,127
FN:24,MockV3Aggregator.constructor
FNDA:127,MockV3Aggregator.constructor
DA:25,127
DA:26,127
DA:29,8383
FN:29,MockV3Aggregator.updateAnswer
FNDA:8383,MockV3Aggregator.updateAnswer
DA:30,8383
DA:31,8383
DA:32,8383
DA:33,8383
DA:34,8383
DA:35,8383
DA:38,1
FN:38,MockV3Aggregator.updateRoundData
FNDA:1,MockV3Aggregator.updateRoundData
DA:39,1
DA:40,1
DA:41,1
DA:42,1
DA:43,1
DA:44,1
DA:47,0
FN:47,MockV3Aggregator.getRoundData
FNDA:0,MockV3Aggregator.getRoundData
DA:52,0
DA:55,16640
FN:55,MockV3Aggregator.latestRoundData
FNDA:16640,MockV3Aggregator.latestRoundData
DA:60,16640
DA:69,0
FN:69,MockV3Aggregator.description
FNDA:0,MockV3Aggregator.description
DA:70,0
FNF:6
FNH:4
LF:23
LH:19
BRF:0
BRH:0
end_of_record
